<?xml version="1.0" encoding="UTF-8"?>
<!-- Generated by org.testng.reporters.JUnitReportReporter -->
<testsuite skipped="0" hostname="Muhammads-MacBook-Pro.local" name="tests.baseclass" tests="1" failures="0" timestamp="2019-11-24T21:09:33 CET" time="1.606" errors="1">
  <testcase name="testcases" time="1.606" classname="tests.baseclass">
    <error type="org.openqa.selenium.InvalidSelectorException" message="Could not parse expression `new UiSelector().resourseid(&quot;com.samsung.android.samsungpassautofill:id/close_icon&quot;)`: UiSelector has no `resourseid` method
For documentation on this error, please visit: https://www.seleniumhq.org/exceptions/invalid_selector_exception.html
Build info: version: &#039;3.141.59&#039;, revision: &#039;e82be7d358&#039;, time: &#039;2018-11-14T08:17:03&#039;
System info: host: &#039;Muhammads-MacBook-Pro.local&#039;, ip: &#039;fdaa:bbcc:ddee:0:649d:d826:533f:4d7%en0&#039;, os.name: &#039;Mac OS X&#039;, os.arch: &#039;x86_64&#039;, os.version: &#039;10.14.6&#039;, java.version: &#039;1.8.0_212&#039;
Driver info: io.appium.java_client.android.AndroidDriver
Capabilities {app: /Users/muhammadusmanpasha/D..., appPackage: io.voiapp.repair, databaseEnabled: false, desired: {app: /Users/muhammadusmanpasha/D..., deviceName: Android, newCommandTimeout: 60, platformName: android, platformVersion: 9, udid: RF8M20NP95B}, deviceApiLevel: 28, deviceManufacturer: samsung, deviceModel: SM-G970F, deviceName: RF8M20NP95B, deviceScreenDensity: 480, deviceScreenSize: 1080x2280, deviceUDID: RF8M20NP95B, javascriptEnabled: true, locationContextEnabled: false, networkConnectionEnabled: true, newCommandTimeout: 60, pixelRatio: 3, platform: LINUX, platformName: ANDROID, platformVersion: 9, statBarHeight: 117, takesScreenshot: true, udid: RF8M20NP95B, viewportRect: {height: 1903, left: 0, top: 117, width: 1080}, warnings: {}, webStorageEnabled: false}
Session ID: c691576c-e6dc-4c31-9caf-e889c9b9941c
*** Element info: {Using=-android uiautomator, value=new UiSelector().resourseid(&quot;com.samsung.android.samsungpassautofill:id/close_icon&quot;)}">
      <![CDATA[org.openqa.selenium.InvalidSelectorException: Could not parse expression `new UiSelector().resourseid("com.samsung.android.samsungpassautofill:id/close_icon")`: UiSelector has no `resourseid` method
For documentation on this error, please visit: https://www.seleniumhq.org/exceptions/invalid_selector_exception.html
Build info: version: '3.141.59', revision: 'e82be7d358', time: '2018-11-14T08:17:03'
System info: host: 'Muhammads-MacBook-Pro.local', ip: 'fdaa:bbcc:ddee:0:649d:d826:533f:4d7%en0', os.name: 'Mac OS X', os.arch: 'x86_64', os.version: '10.14.6', java.version: '1.8.0_212'
Driver info: io.appium.java_client.android.AndroidDriver
Capabilities {app: /Users/muhammadusmanpasha/D..., appPackage: io.voiapp.repair, databaseEnabled: false, desired: {app: /Users/muhammadusmanpasha/D..., deviceName: Android, newCommandTimeout: 60, platformName: android, platformVersion: 9, udid: RF8M20NP95B}, deviceApiLevel: 28, deviceManufacturer: samsung, deviceModel: SM-G970F, deviceName: RF8M20NP95B, deviceScreenDensity: 480, deviceScreenSize: 1080x2280, deviceUDID: RF8M20NP95B, javascriptEnabled: true, locationContextEnabled: false, networkConnectionEnabled: true, newCommandTimeout: 60, pixelRatio: 3, platform: LINUX, platformName: ANDROID, platformVersion: 9, statBarHeight: 117, takesScreenshot: true, udid: RF8M20NP95B, viewportRect: {height: 1903, left: 0, top: 117, width: 1080}, warnings: {}, webStorageEnabled: false}
Session ID: c691576c-e6dc-4c31-9caf-e889c9b9941c
*** Element info: {Using=-android uiautomator, value=new UiSelector().resourseid("com.samsung.android.samsungpassautofill:id/close_icon")}
at sun.reflect.NativeConstructorAccessorImpl.newInstance0(Native Method)
at sun.reflect.NativeConstructorAccessorImpl.newInstance(NativeConstructorAccessorImpl.java:62)
at sun.reflect.DelegatingConstructorAccessorImpl.newInstance(DelegatingConstructorAccessorImpl.java:45)
at java.lang.reflect.Constructor.newInstance(Constructor.java:423)
at org.openqa.selenium.remote.http.W3CHttpResponseCodec.createException(W3CHttpResponseCodec.java:187)
at org.openqa.selenium.remote.http.W3CHttpResponseCodec.decode(W3CHttpResponseCodec.java:122)
at org.openqa.selenium.remote.http.W3CHttpResponseCodec.decode(W3CHttpResponseCodec.java:49)
at org.openqa.selenium.remote.HttpCommandExecutor.execute(HttpCommandExecutor.java:158)
at io.appium.java_client.remote.AppiumCommandExecutor.execute(AppiumCommandExecutor.java:239)
at org.openqa.selenium.remote.RemoteWebDriver.execute(RemoteWebDriver.java:552)
at io.appium.java_client.DefaultGenericMobileDriver.execute(DefaultGenericMobileDriver.java:41)
at io.appium.java_client.AppiumDriver.execute(AppiumDriver.java:1)
at io.appium.java_client.android.AndroidDriver.execute(AndroidDriver.java:1)
at org.openqa.selenium.remote.RemoteWebDriver.findElement(RemoteWebDriver.java:323)
at io.appium.java_client.DefaultGenericMobileDriver.findElement(DefaultGenericMobileDriver.java:61)
at io.appium.java_client.AppiumDriver.findElement(AppiumDriver.java:1)
at io.appium.java_client.android.AndroidDriver.findElement(AndroidDriver.java:1)
at io.appium.java_client.FindsByAndroidUIAutomator.findElementByAndroidUIAutomator(FindsByAndroidUIAutomator.java:38)
at tests.baseclass.testcases(baseclass.java:51)
at sun.reflect.NativeMethodAccessorImpl.invoke0(Native Method)
at sun.reflect.NativeMethodAccessorImpl.invoke(NativeMethodAccessorImpl.java:62)
at sun.reflect.DelegatingMethodAccessorImpl.invoke(DelegatingMethodAccessorImpl.java:43)
at java.lang.reflect.Method.invoke(Method.java:498)
at org.testng.internal.MethodInvocationHelper.invokeMethod(MethodInvocationHelper.java:133)
at org.testng.internal.TestInvoker.invokeMethod(TestInvoker.java:584)
at org.testng.internal.TestInvoker.invokeTestMethod(TestInvoker.java:172)
at org.testng.internal.MethodRunner.runInSequence(MethodRunner.java:46)
at org.testng.internal.TestInvoker$MethodInvocationAgent.invoke(TestInvoker.java:804)
at org.testng.internal.TestInvoker.invokeTestMethods(TestInvoker.java:145)
at org.testng.internal.TestMethodWorker.invokeTestMethods(TestMethodWorker.java:146)
at org.testng.internal.TestMethodWorker.run(TestMethodWorker.java:128)
at java.util.ArrayList.forEach(ArrayList.java:1257)
at org.testng.TestRunner.privateRun(TestRunner.java:770)
at org.testng.TestRunner.run(TestRunner.java:591)
at org.testng.SuiteRunner.runTest(SuiteRunner.java:402)
at org.testng.SuiteRunner.runSequentially(SuiteRunner.java:396)
at org.testng.SuiteRunner.privateRun(SuiteRunner.java:355)
at org.testng.SuiteRunner.run(SuiteRunner.java:304)
at org.testng.SuiteRunnerWorker.runSuite(SuiteRunnerWorker.java:53)
at org.testng.SuiteRunnerWorker.run(SuiteRunnerWorker.java:96)
at org.testng.TestNG.runSuitesSequentially(TestNG.java:1180)
at org.testng.TestNG.runSuitesLocally(TestNG.java:1102)
at org.testng.TestNG.runSuites(TestNG.java:1032)
at org.testng.TestNG.run(TestNG.java:1000)
at org.testng.remote.AbstractRemoteTestNG.run(AbstractRemoteTestNG.java:115)
at org.testng.remote.RemoteTestNG.initAndRun(RemoteTestNG.java:251)
at org.testng.remote.RemoteTestNG.main(RemoteTestNG.java:77)
]]>
    </error>
  </testcase> <!-- testcases -->
</testsuite> <!-- tests.baseclass -->
